<?xml version="1.0" encoding="UTF-8"?>
<!-- Generated by org.testng.reporters.JUnitReportReporter -->
<testsuite hostname="DESKTOP-AP4JK8A" failures="0" tests="4" name="com.HybridAutomation.testCases.TC_LoginDDT_002" time="7.666" errors="0" timestamp="2024-01-24T21:54:53 IST" skipped="0">
  <testcase classname="com.HybridAutomation.testCases.TC_LoginDDT_002" name="loginDDT" time="0.446"/>
  <system-out/>
  <testcase classname="com.HybridAutomation.testCases.TC_LoginDDT_002" name="loginDDT" time="5.403"/>
  <system-out/>
  <testcase classname="com.HybridAutomation.testCases.TC_LoginDDT_002" name="loginDDT" time="0.365"/>
  <system-out/>
  <testcase classname="com.HybridAutomation.testCases.TC_LoginDDT_002" name="loginDDT" time="1.452"/>
  <system-out/>
</testsuite> <!-- com.HybridAutomation.testCases.TC_LoginDDT_002 -->
