<?xml version="1.0" encoding="UTF-8"?>
<!-- Generated by org.testng.reporters.JUnitReportReporter -->
<testsuite hostname="DESKTOP-AP4JK8A" failures="0" tests="1" name="com.HybridAutomation.testCases.TC_LoginTest_001" time="2.567" errors="0" timestamp="2024-01-24T21:54:53 IST" skipped="0">
  <testcase classname="com.HybridAutomation.testCases.TC_LoginTest_001" name="loginTest" time="2.567"/>
  <system-out/>
</testsuite> <!-- com.HybridAutomation.testCases.TC_LoginTest_001 -->
