<?xml version="1.0" encoding="UTF-8"?>
<!-- Generated by org.testng.reporters.JUnitReportReporter -->
<testsuite hostname="DESKTOP-AP4JK8A" failures="0" tests="4" name="com.HybridAutomation.testCases.TC_LoginDDT_002" time="8.458" errors="0" timestamp="2024-01-24T22:07:12 IST" skipped="0">
  <testcase classname="com.HybridAutomation.testCases.TC_LoginDDT_002" name="loginDDT" time="2.290"/>
  <system-out/>
  <testcase classname="com.HybridAutomation.testCases.TC_LoginDDT_002" name="loginDDT" time="5.362"/>
  <system-out/>
  <testcase classname="com.HybridAutomation.testCases.TC_LoginDDT_002" name="loginDDT" time="0.345"/>
  <system-out/>
  <testcase classname="com.HybridAutomation.testCases.TC_LoginDDT_002" name="loginDDT" time="0.461"/>
  <system-out/>
</testsuite> <!-- com.HybridAutomation.testCases.TC_LoginDDT_002 -->
